<?xml version="1.0" encoding="UTF-8"?>
<!-- Generated by org.testng.reporters.JUnitReportReporter -->
<testsuite hostname="DESKTOP-OL4N8R9" failures="0" tests="1" name="guvhv.base" time="5.712" errors="0" timestamp="2023-11-05T12:45:27 IST" skipped="0">
  <testcase classname="guvhv.base" name="EbayTest1" time="5.712"/>
</testsuite> <!-- guvhv.base -->
