<?xml version="1.0" encoding="UTF-8"?>
<!-- Generated by org.testng.reporters.JUnitReportReporter -->
<testsuite hostname="DESKTOP-OL4N8R9" failures="0" tests="1" name="test.demowebshop_registrationpage_test" time="2.845" errors="0" timestamp="2023-11-06T18:53:03 IST" skipped="0">
  <testcase classname="test.demowebshop_registrationpage_test" name="RegistrationPageTest" time="2.845"/>
</testsuite> <!-- test.demowebshop_registrationpage_test -->
