<?xml version="1.0" encoding="UTF-8"?>
<!-- Generated by org.testng.reporters.JUnitReportReporter -->
<testsuite hostname="DESKTOP-OL4N8R9" failures="0" tests="1" name="test.demowebshop_checkoutpage_test" time="33.505" errors="0" timestamp="2023-10-28T19:41:47 IST" skipped="0">
  <testcase classname="test.demowebshop_checkoutpage_test" name="CheckoutPageTest" time="33.505"/>
</testsuite> <!-- test.demowebshop_checkoutpage_test -->
