<?xml version="1.0" encoding="UTF-8"?>
<!-- Generated by org.testng.reporters.JUnitReportReporter -->
<testsuite hostname="DESKTOP-OL4N8R9" failures="0" tests="1" name="test.demowebshop_test" time="28.171" errors="0" timestamp="2023-11-07T23:19:39 IST" skipped="0">
  <testcase classname="test.demowebshop_test" name="DemowebshopPageTest" time="28.171"/>
</testsuite> <!-- test.demowebshop_test -->
